<?xml version="1.0" encoding="UTF-8" ?>
<testsuites>
  <testsuite errors="2" failures="0" hostname="g3c47" id="0" name="Estatistica da Turma" package="" tests="4" time="2.076" timestamp="2017-06-13T22:26:22">
      <properties />

      <testcase classname="grails.plugin.cucumber.CucumberTest" name="Media de turma" time="1.284">
          <error message="Cannot invoke method size() on null object" type="java.lang.NullPointerException">java.lang.NullPointerException: Cannot invoke method size() on null object
	at ta.Turma.inserir(Turma.groovy:30)
	at steps.ComparaTurmasTestDataAndOperations.insereEmTurma(ComparaTurmasTestDataAndOperations.groovy:70)
	at ComparaTurmasSteps$_run_closure3.doCall(ComparaTurmasSteps.groovy:27)
	at ✽.And o aluno &quot;Pedro&quot; esta matriculado em &quot;2017.1&quot;(ComparaTurmas.feature:10)
</error>

      </testcase>

      <testcase classname="grails.plugin.cucumber.CucumberTest" name="Exibir media geral" time="0.126" />

      <testcase classname="grails.plugin.cucumber.CucumberTest" name="Quantidade de turmas superadas" time="0.148">
          <error message="Cannot invoke method size() on null object" type="java.lang.NullPointerException">java.lang.NullPointerException: Cannot invoke method size() on null object
	at ta.Turma.inserir(Turma.groovy:30)
	at steps.ComparaTurmasTestDataAndOperations.insereEmTurma(ComparaTurmasTestDataAndOperations.groovy:70)
	at ComparaTurmasSteps$_run_closure3.doCall(ComparaTurmasSteps.groovy:27)
	at ✽.And o aluno &quot;Pedro&quot; esta matriculado em &quot;2017.1&quot;(ComparaTurmas.feature:30)
</error>

      </testcase>

      <testcase classname="grails.plugin.cucumber.CucumberTest" name="Exibir comparacao" time="0.04" />

      <system-out><![CDATA[Feature: Estatistica da Turma
  Como um professor
  Eu quero ver como uma única turma se compara com as demais
  Para que eu possa medir se as mudanças aplicadas a didatica foram positivas ou negativas

--Output from Media de turma--
--Output from Exibir media geral--
  #Cenario Controller
  Scenario: Media de turma                             # ComparaTurmas.feature:8
    Given eu tenho a turma "2017.1"                    # ComparaTurmasSteps.groovy:11
    And o aluno "Pedro" esta matriculado em "2017.1"   # ComparaTurmasSteps.groovy:21
      java.lang.NullPointerException: Cannot invoke method size() on null object
      	at ta.Turma.inserir(Turma.groovy:30)
      	at ta.Turma$inserir$2.call(Unknown Source)
      	at steps.ComparaTurmasTestDataAndOperations.insereEmTurma(ComparaTurmasTestDataAndOperations.groovy:70)
      	at steps.ComparaTurmasTestDataAndOperations$insereEmTurma$3.call(Unknown Source)
      	at ComparaTurmasSteps$_run_closure3.doCall(ComparaTurmasSteps.groovy:27)
      	at ✽.And o aluno "Pedro" esta matriculado em "2017.1"(ComparaTurmas.feature:10)

    And "Pedro" possui media final "10"                # ComparaTurmasSteps.groovy:16
    And o aluno "Douglas" esta matriculado em "2017.1" # ComparaTurmasSteps.groovy:21
    And "Douglas" possui media final "7"               # ComparaTurmasSteps.groovy:16
    And o aluno "Jeff" esta matriculado em "2017.1"    # ComparaTurmasSteps.groovy:21
    And "Jeff" possui media final "8"                  # ComparaTurmasSteps.groovy:16
    When eu seleciono a turma "2017.1"                 # ComparaTurmasSteps.groovy:31
    Then a media geral de "2017.1" e calculada         # ComparaTurmasSteps.groovy:35

--Output from Quantidade de turmas superadas--
  #Cenario GUI
  Scenario: Exibir media geral                    # ComparaTurmas.feature:21
    Given eu estou na pagina de "Turmas List"     # ComparaTurmasSteps.groovy:44
    And eu tenho a turma "2017.1"                 # ComparaTurmasSteps.groovy:11
    When eu seleciono a turma "2017.1"            # ComparaTurmasSteps.groovy:31
    Then eu consigo ver a media geral de "2017.1" # ComparaTurmasSteps.groovy:39

--Output from Exibir comparacao--
  #Cenario Controller
  Scenario: Quantidade de turmas superadas                                                                                                                                    # ComparaTurmas.feature:28
    Given eu tenho a turma "2017.1"                                                                                                                                           # ComparaTurmasSteps.groovy:11
    And o aluno "Pedro" esta matriculado em "2017.1"                                                                                                                          # ComparaTurmasSteps.groovy:21
      java.lang.NullPointerException: Cannot invoke method size() on null object
      	at ta.Turma.inserir(Turma.groovy:30)
      	at ta.Turma$inserir$2.call(Unknown Source)
      	at steps.ComparaTurmasTestDataAndOperations.insereEmTurma(ComparaTurmasTestDataAndOperations.groovy:70)
      	at steps.ComparaTurmasTestDataAndOperations$insereEmTurma$3.call(Unknown Source)
      	at ComparaTurmasSteps$_run_closure3.doCall(ComparaTurmasSteps.groovy:27)
      	at ✽.And o aluno "Pedro" esta matriculado em "2017.1"(ComparaTurmas.feature:30)

    And "Pedro" possui media final "9"                                                                                                                                        # ComparaTurmasSteps.groovy:16
    And o aluno "Douglas" esta matriculado em "2017.1"                                                                                                                        # ComparaTurmasSteps.groovy:21
    And "Douglas" possui media final "7"                                                                                                                                      # ComparaTurmasSteps.groovy:16
    And o aluno "Jeff" esta matriculado em "2017.1"                                                                                                                           # ComparaTurmasSteps.groovy:21
    And "Jeff" possui media final "5"                                                                                                                                         # ComparaTurmasSteps.groovy:16
    And eu tenho a turma "2016.2"                                                                                                                                             # ComparaTurmasSteps.groovy:11
    And o aluno "Pedro" esta matriculado em "2016.2"                                                                                                                          # ComparaTurmasSteps.groovy:21
    And "Pedro" possui media final "4"                                                                                                                                        # ComparaTurmasSteps.groovy:16
    And o aluno "Dante" esta matriculado em "2016.2"                                                                                                                          # ComparaTurmasSteps.groovy:21
    And "Dante" possui media final "7"                                                                                                                                        # ComparaTurmasSteps.groovy:16
    And o aluno "Vergil" esta matriculado em "2016.2"                                                                                                                         # ComparaTurmasSteps.groovy:21
    And "Vergil" possui media final "6"                                                                                                                                       # ComparaTurmasSteps.groovy:16
    And eu tenho a turma "2016.1"                                                                                                                                             # ComparaTurmasSteps.groovy:11
    And o aluno "Bill" esta matriculado em "2016.1"                                                                                                                           # ComparaTurmasSteps.groovy:21
    And "Bill" possui media final "8"                                                                                                                                         # ComparaTurmasSteps.groovy:16
    And o aluno "Lucio" esta matriculado em "2016.1"                                                                                                                          # ComparaTurmasSteps.groovy:21
    And "Lucio" possui media final "3"                                                                                                                                        # ComparaTurmasSteps.groovy:16
    And o aluno "Lucio" esta matriculado em "2016.1"                                                                                                                          # ComparaTurmasSteps.groovy:21
    And "Lucio" possui media final "6"                                                                                                                                        # ComparaTurmasSteps.groovy:16
    And o aluno "Lloyd" esta matriculado em "2016.1"                                                                                                                          # ComparaTurmasSteps.groovy:21
    And "Lloyd" possui media final "2"                                                                                                                                        # ComparaTurmasSteps.groovy:16
    When eu seleciono a turma "2017.1"                                                                                                                                        # ComparaTurmasSteps.groovy:31
    Then o numero de turmas que possuem media geral, numero percentual de alunos aprovados e numeros percentual de alunos aprovados por media inferior a "2017.1" e calculado # ComparaTurmasSteps.groovy:48

  #Cenário GUI
  Scenario: Exibir comparacao                                                                                                                                                                                                      # ComparaTurmas.feature:57
    Given eu estou na pagina de "Turmas List"                                                                                                                                                                                      # ComparaTurmasSteps.groovy:44
    And eu tenho a turma "2017.1"                                                                                                                                                                                                  # ComparaTurmasSteps.groovy:11
    And eu tenho a turma "2016.2"                                                                                                                                                                                                  # ComparaTurmasSteps.groovy:11
    And eu tenho a turma "2016.1"                                                                                                                                                                                                  # ComparaTurmasSteps.groovy:11
    When eu seleciono a turma "2017.1"                                                                                                                                                                                             # ComparaTurmasSteps.groovy:31
    Then eu consigo ver o numero de turmas que "2017.1" supera em questão de media geral, numero percentual de alunos aprovados e numeros percentual de alunos aprovados por media em comparacao com o total de turmas cadastradas # ComparaTurmasSteps.groovy:54
]]></system-out>

      <system-err><![CDATA[
--Output from Media de turma--
--Output from Exibir media geral--
--Output from Quantidade de turmas superadas--
--Output from Exibir comparacao--]]></system-err>

  </testsuite>
</testsuites>
